#
# There is insufficient memory for the Java Runtime Environment to continue.
# Native memory allocation (malloc) failed to allocate 588096 bytes for Chunk::new
# Possible reasons:
#   The system is out of physical RAM or swap space
#   In 32 bit mode, the process size limit was hit
# Possible solutions:
#   Reduce memory load on the system
#   Increase physical memory or swap space
#   Check if swap backing store is full
#   Use 64 bit Java on a 64 bit OS
#   Decrease Java heap size (-Xmx/-Xms)
#   Decrease number of Java threads
#   Decrease Java thread stack sizes (-Xss)
#   Set larger code cache with -XX:ReservedCodeCacheSize=
# This output file may be truncated or incomplete.
#
#  Out of Memory Error (allocation.cpp:323), pid=6740, tid=6672
#
# JRE version: Java(TM) SE Runtime Environment (7.0_40-b40) (build 1.7.0_40-b40)
# Java VM: Java HotSpot(TM) 64-Bit Server VM (24.0-b55 mixed mode windows-amd64 compressed oops)
# Failed to write core dump. Minidumps are not enabled by default on client versions of Windows
#

---------------  T H R E A D  ---------------

Current thread (0x000000000a920000):  JavaThread "C2 CompilerThread1" daemon [_thread_in_native, id=6672, stack(0x000000000aff0000,0x000000000b0f0000)]

Stack: [0x000000000aff0000,0x000000000b0f0000]
[error occurred during error reporting (printing stack bounds), id 0xc0000005]


[error occurred during error reporting (printing native stack), id 0xc0000005]


Current CompileTask:
C2:   1772  160             com.android.dx.ssa.SsaConverter::placePhiFunctions (394 bytes)


---------------  P R O C E S S  ---------------

Java Threads: ( => current thread )
  0x000000000abfa000 JavaThread "pool-2-thread-4" [_thread_in_Java, id=10468, stack(0x000000000b6f0000,0x000000000b7f0000)]
  0x000000000abfe800 JavaThread "pool-2-thread-3" [_thread_in_Java, id=7376, stack(0x000000000b5f0000,0x000000000b6f0000)]
  0x000000000abe8800 JavaThread "pool-2-thread-2" [_thread_in_Java, id=8828, stack(0x000000000b4f0000,0x000000000b5f0000)]
  0x000000000abe6800 JavaThread "pool-3-thread-1" [_thread_blocked, id=2324, stack(0x000000000b3f0000,0x000000000b4f0000)]
  0x000000000aa1b800 JavaThread "pool-2-thread-1" [_thread_in_Java, id=11116, stack(0x000000000b2f0000,0x000000000b3f0000)]
  0x00000000025e9800 JavaThread "Service Thread" daemon [_thread_blocked, id=956, stack(0x000000000b0f0000,0x000000000b1f0000)]
=>0x000000000a920000 JavaThread "C2 CompilerThread1" daemon [_thread_in_native, id=6672, stack(0x000000000aff0000,0x000000000b0f0000)]
  0x000000000a91e800 JavaThread "C2 CompilerThread0" daemon [_thread_in_native, id=12416, stack(0x000000000aef0000,0x000000000aff0000)]
  0x000000000a91d800 JavaThread "Attach Listener" daemon [_thread_blocked, id=1132, stack(0x000000000adf0000,0x000000000aef0000)]
  0x000000000a919000 JavaThread "Signal Dispatcher" daemon [_thread_blocked, id=5492, stack(0x000000000acf0000,0x000000000adf0000)]
  0x00000000088ef800 JavaThread "Finalizer" daemon [_thread_blocked, id=8664, stack(0x000000000a7f0000,0x000000000a8f0000)]
  0x00000000088e6800 JavaThread "Reference Handler" daemon [_thread_blocked, id=8304, stack(0x000000000a6f0000,0x000000000a7f0000)]
  0x000000000057e000 JavaThread "main" [_thread_in_Java, id=992, stack(0x0000000002000000,0x0000000002100000)]

Other Threads:
  0x00000000088e5000 VMThread [stack: 0x000000000a5f0000,0x000000000a6f0000] [id=1500]
  0x00000000025ea000 WatcherThread [stack: 0x000000000b1f0000,0x000000000b2f0000] [id=4020]

VM state:not at safepoint (normal execution)

VM Mutex/Monitor currently owned by a thread: None

Heap
 PSYoungGen      total 38400K, used 28289K [0x00000000eaa80000, 0x00000000ed500000, 0x0000000100000000)
  eden space 33280K, 85% used [0x00000000eaa80000,0x00000000ec6205e0,0x00000000ecb00000)
  from space 5120K, 0% used [0x00000000ed000000,0x00000000ed000000,0x00000000ed500000)
  to   space 5120K, 0% used [0x00000000ecb00000,0x00000000ecb00000,0x00000000ed000000)
 ParOldGen       total 86016K, used 0K [0x00000000c0000000, 0x00000000c5400000, 0x00000000eaa80000)
  object space 86016K, 0% used [0x00000000c0000000,0x00000000c0000000,0x00000000c5400000)
 PSPermGen       total 21504K, used 5743K [0x00000000bae00000, 0x00000000bc300000, 0x00000000c0000000)
  object space 21504K, 26% used [0x00000000bae00000,0x00000000bb39bd60,0x00000000bc300000)

Card table byte_map: [0x00000000056b0000,0x00000000058e0000] byte_map_base: 0x00000000050d9000

Polling page: 0x0000000000540000

Code Cache  [0x00000000025f0000, 0x0000000002860000, 0x00000000055f0000)
 total_blobs=415 nmethods=177 adapters=190 free_code_cache=48478Kb largest_free_block=49612864

Compilation events (10 events):
Event: 1.751 Thread 0x000000000a91e800 nmethod 172 0x000000000269acd0 code [0x000000000269ae00, 0x000000000269ae58]
Event: 1.751 Thread 0x000000000a91e800  173             java.util.Arrays::copyOfRange (63 bytes)
Event: 1.754 Thread 0x000000000a91e800 nmethod 173 0x000000000269c150 code [0x000000000269c2a0, 0x000000000269c4b8]
Event: 1.754 Thread 0x000000000a91e800  174             com.android.dx.ssa.NormalSsaInsn::isNormalMoveInsn (20 bytes)
Event: 1.754 Thread 0x000000000a91e800 nmethod 174 0x00000000026992d0 code [0x0000000002699400, 0x0000000002699478]
Event: 1.755 Thread 0x000000000a91e800  175             com.android.dx.rop.code.RegisterSpec::makeLocalOptional (7 bytes)
Event: 1.756 Thread 0x000000000a91e800 nmethod 175 0x000000000269bf10 code [0x000000000269c060, 0x000000000269c0c8]
Event: 1.761 Thread 0x000000000a91e800  176             java.util.Collections$UnmodifiableCollection$1::hasNext (10 bytes)
Event: 1.762 Thread 0x000000000a91e800 nmethod 176 0x000000000269bc10 code [0x000000000269bd60, 0x000000000269be18]
Event: 1.765 Thread 0x000000000a91e800  177             com.android.dx.ssa.DeadCodeRemover$NoSideEffectVisitor::visitNonMoveInsn (28 bytes)

GC Heap History (0 events):
No events

Deoptimization events (1 events):
Event: 1.416 Thread 0x000000000abe8800 Uncommon trap: reason=null_check action=make_not_entrant pc=0x00000000026724ac method=com.android.dx.rop.code.LocalItem.equals(Ljava/lang/Object;)Z @ 1

Internal exceptions (10 events):
Event: 1.154 Thread 0x000000000057e000 Threw 0x00000000eb7fbd58 at C:\jdk7u2_64p\jdk7u40\hotspot\src\share\vm\prims\jvm.cpp:1244
Event: 1.155 Thread 0x000000000057e000 Threw 0x00000000eb801598 at C:\jdk7u2_64p\jdk7u40\hotspot\src\share\vm\prims\jvm.cpp:1244
Event: 1.156 Thread 0x000000000057e000 Threw 0x00000000eb806aa0 at C:\jdk7u2_64p\jdk7u40\hotspot\src\share\vm\prims\jvm.cpp:1244
Event: 1.162 Thread 0x000000000057e000 Threw 0x00000000eb813bf8 at C:\jdk7u2_64p\jdk7u40\hotspot\src\share\vm\prims\jvm.cpp:1244
Event: 1.286 Thread 0x000000000abfa000 Threw 0x00000000eb89aa00 at C:\jdk7u2_64p\jdk7u40\hotspot\src\share\vm\prims\jvm.cpp:1244
Event: 1.297 Thread 0x000000000abfa000 Threw 0x00000000eb8c0330 at C:\jdk7u2_64p\jdk7u40\hotspot\src\share\vm\prims\jvm.cpp:1244
Event: 1.385 Thread 0x000000000abfe800 Threw 0x00000000ebd1a830 at C:\jdk7u2_64p\jdk7u40\hotspot\src\share\vm\prims\jvm.cpp:1244
Event: 1.416 Thread 0x000000000abe8800 Implicit null exception at 0x0000000002672098 to 0x0000000002672499
Event: 1.568 Thread 0x000000000abfa000 Threw 0x00000000ec093a78 at C:\jdk7u2_64p\jdk7u40\hotspot\src\share\vm\prims\jvm.cpp:1244
Event: 1.694 Thread 0x000000000abfe800 Threw 0x00000000ec2edcd0 at C:\jdk7u2_64p\jdk7u40\hotspot\src\share\vm\prims\jvm.cpp:1244

Events (10 events):
Event: 1.415 loading class 0x000000000256d690 done
Event: 1.416 Thread 0x000000000abe8800 Uncommon trap: trap_request=0xfffffff4 fr.pc=0x00000000026724ac
Event: 1.416 Thread 0x000000000abe8800 DEOPT PACKING pc=0x00000000026724ac sp=0x000000000b5ee9c0
Event: 1.416 Thread 0x000000000abe8800 DEOPT UNPACKING pc=0x00000000026275a4 sp=0x000000000b5ee900 mode 2
Event: 1.568 loading class 0x000000000ab011f0
Event: 1.568 loading class 0x000000000ab011f0 done
Event: 1.618 loading class 0x0000000002573670
Event: 1.618 loading class 0x0000000002573670 done
Event: 1.694 loading class 0x000000000abfe330
Event: 1.694 loading class 0x000000000abfe330 done


Dynamic libraries:
0x00007ff6712c0000 - 0x00007ff6712f3000 	C:\Program Files\Java\jdk1.7.0_40\bin\java.exe
0x00007ffa250f0000 - 0x00007ffa252b1000 	C:\WINDOWS\SYSTEM32\ntdll.dll
0x00007ffa22560000 - 0x00007ffa2260d000 	C:\WINDOWS\system32\KERNEL32.DLL
0x00007ffa21f70000 - 0x00007ffa22158000 	C:\WINDOWS\system32\KERNELBASE.dll
0x00007ffa22ba0000 - 0x00007ffa22c47000 	C:\WINDOWS\system32\ADVAPI32.dll
0x00007ffa22480000 - 0x00007ffa2251d000 	C:\WINDOWS\system32\msvcrt.dll
0x00007ffa22fa0000 - 0x00007ffa22ffb000 	C:\WINDOWS\system32\sechost.dll
0x00007ffa22610000 - 0x00007ffa2272c000 	C:\WINDOWS\system32\RPCRT4.dll
0x00007ffa23060000 - 0x00007ffa231b6000 	C:\WINDOWS\system32\USER32.dll
0x00007ffa22730000 - 0x00007ffa228b6000 	C:\WINDOWS\system32\GDI32.dll
0x00007ffa1d140000 - 0x00007ffa1d3b4000 	C:\WINDOWS\WinSxS\amd64_microsoft.windows.common-controls_6595b64144ccf1df_6.0.10586.0_none_8c15ae12515e1c22\COMCTL32.dll
0x00007ffa22d20000 - 0x00007ffa22f9d000 	C:\WINDOWS\system32\combase.dll
0x00007ffa21860000 - 0x00007ffa218ca000 	C:\WINDOWS\system32\bcryptPrimitives.dll
0x00007ffa22520000 - 0x00007ffa2255b000 	C:\WINDOWS\system32\IMM32.DLL
0x0000000061a40000 - 0x0000000061b11000 	C:\Program Files\Java\jdk1.7.0_40\jre\bin\msvcr100.dll
0x00000000625f0000 - 0x0000000062db9000 	C:\Program Files\Java\jdk1.7.0_40\jre\bin\server\jvm.dll
0x00007ffa218f0000 - 0x00007ffa21913000 	C:\WINDOWS\system32\WINMM.dll
0x00007ffa214f0000 - 0x00007ffa2151c000 	C:\WINDOWS\system32\WINMMBASE.dll
0x00007ffa21810000 - 0x00007ffa21853000 	C:\WINDOWS\system32\cfgmgr32.dll
0x00007ffa12150000 - 0x00007ffa12159000 	C:\WINDOWS\SYSTEM32\WSOCK32.dll
0x00007ffa22cb0000 - 0x00007ffa22d1b000 	C:\WINDOWS\system32\WS2_32.dll
0x00007ffa22450000 - 0x00007ffa22458000 	C:\WINDOWS\system32\PSAPI.DLL
0x00000000625e0000 - 0x00000000625ef000 	C:\Program Files\Java\jdk1.7.0_40\jre\bin\verify.dll
0x00000000625b0000 - 0x00000000625d8000 	C:\Program Files\Java\jdk1.7.0_40\jre\bin\java.dll
0x0000000062590000 - 0x00000000625a5000 	C:\Program Files\Java\jdk1.7.0_40\jre\bin\zip.dll
0x0000000062570000 - 0x0000000062589000 	C:\Program Files\Java\jdk1.7.0_40\jre\bin\net.dll
0x00007ffa20e10000 - 0x00007ffa20e6c000 	C:\WINDOWS\system32\mswsock.dll
0x0000000062550000 - 0x0000000062561000 	C:\Program Files\Java\jdk1.7.0_40\jre\bin\nio.dll

VM Arguments:
jvm_args: -Djava.awt.headless=true -Xmx1024M -Dfile.encoding=GBK -Duser.country=CN -Duser.language=zh -Duser.variant 
java_command: com.android.dx.command.Main --dex --force-jumbo --num-threads=4 --multi-dex --output E:\AndroidStudioWorkspace\WuZiQi0\app\build\intermediates\transforms\dex\debug\folders\1000\10\com.android.support-appcompat-v7-23.3.0_2decd78cbfdd7e2c32186846dc9bbc644466634c E:\AndroidStudioWorkspace\WuZiQi0\app\build\intermediates\exploded-aar\com.android.support\appcompat-v7\23.3.0\jars\classes.jar
Launcher Type: SUN_STANDARD

Environment Variables:
JAVA_HOME=C:\Program Files\Java\jdk1.7.0_40
CLASSPATH=.;C:\Program Files\Java\jdk1.7.0_40\lib\tools.jar; C:\Program Files\Java\jdk1.7.0_40\lib\dt.jar;
PATH=C:\ProgramData\Oracle\Java\javapath;C:\Program Files\Java\jdk1.7.0_40\bin;C:\WINDOWS\system32;C:\WINDOWS;C:\WINDOWS\System32\Wbem;C:\Program Files\Microsoft SQL Server\120\Tools\Binn\;C:\Program Files (x86)\Windows Kits\10\Windows Performance Toolkit\;C:\WINDOWS\System32\WindowsPowerShell\v1.0\;C:\Users\Administrator.W8-201507221037\.dnx\bin;C:\Program Files\Microsoft DNX\Dnvm\;C:\Program Files (x86)\NVIDIA Corporation\PhysX\Common;E:\NodeJs\;C:\WINDOWS\system32;C:\WINDOWS;C:\WINDOWS\System32\Wbem;C:\WINDOWS\System32\WindowsPowerShell\v1.0\;C:\Program Files\Java\jdk1.7.0_40\bin\javaw.exe;C:\ProgramData\Oracle\Java\javapath;C:\Program Files\Java\jdk1.7.0_40\bin;E:\VC++6.0\bin;E:\新建文件夹\Tools\WinNT;E:\新建文件夹\MSDev98\Bin;E:\新建文件夹\Tools;E:\VC98\bin;E:\\Common\Tools\WinNT;E:\\Common\MSDev98\Bin;E:\\Common\Tools;E:\\VC98\bin;E:\VC++6.0\Common\Tools\WinNT;E:\VC++6.0\Common\MSDev98\Bin;E:\VC++6.0\Common\Tools;E:\VC++6.0\VC98\bin;C:\Users\Administrator.W8-201507221037\AppData\Roaming\npm
USERNAME=Administrator
OS=Windows_NT
PROCESSOR_IDENTIFIER=Intel64 Family 6 Model 60 Stepping 3, GenuineIntel



---------------  S Y S T E M  ---------------

OS: Windows 8 , 64 bit Build 9200 

CPU:total 8 (4 cores per cpu, 2 threads per core) family 6 model 60 stepping 3, cmov, cx8, fxsr, mmx, sse, sse2, sse3, ssse3, sse4.1, sse4.2, popcnt, avx, avx2, aes, erms, ht, tsc, tscinvbit

Memory: 4k page, physical 8269880k(1588236k free), swap 10371840k(5648k free)

vm_info: Java HotSpot(TM) 64-Bit Server VM (24.0-b55) for windows-amd64 JRE (1.7.0_40-b40), built on Aug 16 2013 12:51:55 by "java_re" with unknown MS VC++:1600

time: Wed May 11 23:25:40 2016
elapsed time: 1 seconds

